Start testing: Aug 19 10:30 +08
----------------------------------------------------------
1/2 Testing: lint_cmake
1/2 Test: lint_cmake
Command: "/usr/bin/python3" "-u" "/opt/ros/humble/share/ament_cmake_test/cmake/run_test.py" "/home/yanwen/ros2_tutorials/build/ros2_tutorials_cpp/test_results/ros2_tutorials_cpp/lint_cmake.xunit.xml" "--package-name" "ros2_tutorials_cpp" "--output-file" "/home/yanwen/ros2_tutorials/build/ros2_tutorials_cpp/ament_lint_cmake/lint_cmake.txt" "--command" "/opt/ros/humble/bin/ament_lint_cmake" "--xunit-file" "/home/yanwen/ros2_tutorials/build/ros2_tutorials_cpp/test_results/ros2_tutorials_cpp/lint_cmake.xunit.xml"
Directory: /home/yanwen/ros2_tutorials/src/ros2_tutorials_cpp
"lint_cmake" start time: Aug 19 10:30 +08
Output:
----------------------------------------------------------
-- run_test.py: invoking following command in '/home/yanwen/ros2_tutorials/src/ros2_tutorials_cpp':
 - /opt/ros/humble/bin/ament_lint_cmake --xunit-file /home/yanwen/ros2_tutorials/build/ros2_tutorials_cpp/test_results/ros2_tutorials_cpp/lint_cmake.xunit.xml

No problems found
-- run_test.py: return code 0
-- run_test.py: verify result file '/home/yanwen/ros2_tutorials/build/ros2_tutorials_cpp/test_results/ros2_tutorials_cpp/lint_cmake.xunit.xml'
<end of output>
Test time =   0.11 sec
----------------------------------------------------------
Test Passed.
"lint_cmake" end time: Aug 19 10:30 +08
"lint_cmake" time elapsed: 00:00:00
----------------------------------------------------------

2/2 Testing: xmllint
2/2 Test: xmllint
Command: "/usr/bin/python3" "-u" "/opt/ros/humble/share/ament_cmake_test/cmake/run_test.py" "/home/yanwen/ros2_tutorials/build/ros2_tutorials_cpp/test_results/ros2_tutorials_cpp/xmllint.xunit.xml" "--package-name" "ros2_tutorials_cpp" "--output-file" "/home/yanwen/ros2_tutorials/build/ros2_tutorials_cpp/ament_xmllint/xmllint.txt" "--command" "/opt/ros/humble/bin/ament_xmllint" "--xunit-file" "/home/yanwen/ros2_tutorials/build/ros2_tutorials_cpp/test_results/ros2_tutorials_cpp/xmllint.xunit.xml"
Directory: /home/yanwen/ros2_tutorials/src/ros2_tutorials_cpp
"xmllint" start time: Aug 19 10:30 +08
Output:
----------------------------------------------------------
-- run_test.py: invoking following command in '/home/yanwen/ros2_tutorials/src/ros2_tutorials_cpp':
 - /opt/ros/humble/bin/ament_xmllint --xunit-file /home/yanwen/ros2_tutorials/build/ros2_tutorials_cpp/test_results/ros2_tutorials_cpp/xmllint.xunit.xml
File 'package.xml' is valid

No problems found
-- run_test.py: return code 0
-- run_test.py: verify result file '/home/yanwen/ros2_tutorials/build/ros2_tutorials_cpp/test_results/ros2_tutorials_cpp/xmllint.xunit.xml'
<end of output>
Test time =   0.65 sec
----------------------------------------------------------
Test Passed.
"xmllint" end time: Aug 19 10:30 +08
"xmllint" time elapsed: 00:00:00
----------------------------------------------------------

End testing: Aug 19 10:30 +08

lint_cmake =   0.11 sec*proc

linter =   0.76 sec*proc

xmllint =   0.65 sec*proc

