<?xml version="1.0" encoding="UTF-8"?>
<Site BuildName="(empty)"
	BuildStamp="20240819-0230-Experimental"
	Name="yanwen-IdeaPad-Gaming-3-15IHU6"
	Generator="ctest-3.22.1"
	CompilerName="/usr/bin/c++"
	CompilerVersion="11.4.0"
	OSName="Linux"
	Hostname="yanwen-IdeaPad-Gaming-3-15IHU6"
	OSRelease="6.8.0-40-generic"
	OSVersion="#40~22.04.3-Ubuntu SMP PREEMPT_DYNAMIC Tue Jul 30 17:30:19 UTC 2"
	OSPlatform="x86_64"
	Is64Bits="1"
	VendorString="GenuineIntel"
	VendorID="Intel Corporation"
	FamilyID="6"
	ModelID="140"
	ProcessorCacheSize="8192"
	NumberOfLogicalCPU="8"
	NumberOfPhysicalCPU="4"
	TotalVirtualMemory="0"
	TotalPhysicalMemory="15777"
	LogicalProcessorsPerPhysical="2"
	ProcessorClockFrequency="986.939"
	>
	<Testing>
		<StartDateTime>Aug 19 10:30 +08</StartDateTime>
		<StartTestTime>1724034646</StartTestTime>
		<TestList>
			<Test>./lint_cmake</Test>
			<Test>./xmllint</Test>
		</TestList>
		<Test Status="passed">
			<Name>lint_cmake</Name>
			<Path>.</Path>
			<FullName>./lint_cmake</FullName>
			<FullCommandLine>/usr/bin/python3 "-u" "/opt/ros/humble/share/ament_cmake_test/cmake/run_test.py" "/home/yanwen/ros2_tutorials/build/ros2_tutorials_cpp/test_results/ros2_tutorials_cpp/lint_cmake.xunit.xml" "--package-name" "ros2_tutorials_cpp" "--output-file" "/home/yanwen/ros2_tutorials/build/ros2_tutorials_cpp/ament_lint_cmake/lint_cmake.txt" "--command" "/opt/ros/humble/bin/ament_lint_cmake" "--xunit-file" "/home/yanwen/ros2_tutorials/build/ros2_tutorials_cpp/test_results/ros2_tutorials_cpp/lint_cmake.xunit.xml"</FullCommandLine>
			<Results>
				<NamedMeasurement type="numeric/double" name="Execution Time">
					<Value>0.106738</Value>
				</NamedMeasurement>
				<NamedMeasurement type="numeric/double" name="Processors">
					<Value>1</Value>
				</NamedMeasurement>
				<NamedMeasurement type="text/string" name="Completion Status">
					<Value>Completed</Value>
				</NamedMeasurement>
				<NamedMeasurement type="text/string" name="Command Line">
					<Value>/usr/bin/python3 "-u" "/opt/ros/humble/share/ament_cmake_test/cmake/run_test.py" "/home/yanwen/ros2_tutorials/build/ros2_tutorials_cpp/test_results/ros2_tutorials_cpp/lint_cmake.xunit.xml" "--package-name" "ros2_tutorials_cpp" "--output-file" "/home/yanwen/ros2_tutorials/build/ros2_tutorials_cpp/ament_lint_cmake/lint_cmake.txt" "--command" "/opt/ros/humble/bin/ament_lint_cmake" "--xunit-file" "/home/yanwen/ros2_tutorials/build/ros2_tutorials_cpp/test_results/ros2_tutorials_cpp/lint_cmake.xunit.xml"</Value>
				</NamedMeasurement>
				<NamedMeasurement type="text/string" name="Environment">
					<Value>#CTEST_RESOURCE_GROUP_COUNT=</Value>
				</NamedMeasurement>
				<Measurement>
					<Value>-- run_test.py: invoking following command in '/home/yanwen/ros2_tutorials/src/ros2_tutorials_cpp':
 - /opt/ros/humble/bin/ament_lint_cmake --xunit-file /home/yanwen/ros2_tutorials/build/ros2_tutorials_cpp/test_results/ros2_tutorials_cpp/lint_cmake.xunit.xml

No problems found
-- run_test.py: return code 0
-- run_test.py: verify result file '/home/yanwen/ros2_tutorials/build/ros2_tutorials_cpp/test_results/ros2_tutorials_cpp/lint_cmake.xunit.xml'
</Value>
				</Measurement>
			</Results>
			<Labels>
				<Label>lint_cmake</Label>
				<Label>linter</Label>
			</Labels>
		</Test>
		<Test Status="passed">
			<Name>xmllint</Name>
			<Path>.</Path>
			<FullName>./xmllint</FullName>
			<FullCommandLine>/usr/bin/python3 "-u" "/opt/ros/humble/share/ament_cmake_test/cmake/run_test.py" "/home/yanwen/ros2_tutorials/build/ros2_tutorials_cpp/test_results/ros2_tutorials_cpp/xmllint.xunit.xml" "--package-name" "ros2_tutorials_cpp" "--output-file" "/home/yanwen/ros2_tutorials/build/ros2_tutorials_cpp/ament_xmllint/xmllint.txt" "--command" "/opt/ros/humble/bin/ament_xmllint" "--xunit-file" "/home/yanwen/ros2_tutorials/build/ros2_tutorials_cpp/test_results/ros2_tutorials_cpp/xmllint.xunit.xml"</FullCommandLine>
			<Results>
				<NamedMeasurement type="numeric/double" name="Execution Time">
					<Value>0.652421</Value>
				</NamedMeasurement>
				<NamedMeasurement type="numeric/double" name="Processors">
					<Value>1</Value>
				</NamedMeasurement>
				<NamedMeasurement type="text/string" name="Completion Status">
					<Value>Completed</Value>
				</NamedMeasurement>
				<NamedMeasurement type="text/string" name="Command Line">
					<Value>/usr/bin/python3 "-u" "/opt/ros/humble/share/ament_cmake_test/cmake/run_test.py" "/home/yanwen/ros2_tutorials/build/ros2_tutorials_cpp/test_results/ros2_tutorials_cpp/xmllint.xunit.xml" "--package-name" "ros2_tutorials_cpp" "--output-file" "/home/yanwen/ros2_tutorials/build/ros2_tutorials_cpp/ament_xmllint/xmllint.txt" "--command" "/opt/ros/humble/bin/ament_xmllint" "--xunit-file" "/home/yanwen/ros2_tutorials/build/ros2_tutorials_cpp/test_results/ros2_tutorials_cpp/xmllint.xunit.xml"</Value>
				</NamedMeasurement>
				<NamedMeasurement type="text/string" name="Environment">
					<Value>#CTEST_RESOURCE_GROUP_COUNT=</Value>
				</NamedMeasurement>
				<Measurement>
					<Value>-- run_test.py: invoking following command in '/home/yanwen/ros2_tutorials/src/ros2_tutorials_cpp':
 - /opt/ros/humble/bin/ament_xmllint --xunit-file /home/yanwen/ros2_tutorials/build/ros2_tutorials_cpp/test_results/ros2_tutorials_cpp/xmllint.xunit.xml
File 'package.xml' is valid

No problems found
-- run_test.py: return code 0
-- run_test.py: verify result file '/home/yanwen/ros2_tutorials/build/ros2_tutorials_cpp/test_results/ros2_tutorials_cpp/xmllint.xunit.xml'
</Value>
				</Measurement>
			</Results>
			<Labels>
				<Label>linter</Label>
				<Label>xmllint</Label>
			</Labels>
		</Test>
		<EndDateTime>Aug 19 10:30 +08</EndDateTime>
		<EndTestTime>1724034646</EndTestTime>
		<ElapsedMinutes>0</ElapsedMinutes>
	</Testing>
</Site>
