<?xml version="1.0" encoding="UTF-8"?>
<Site BuildName="(empty)"
	BuildStamp="20240819-0229-Experimental"
	Name="yanwen-IdeaPad-Gaming-3-15IHU6"
	Generator="ctest-3.22.1"
	CompilerName="/usr/bin/c++"
	CompilerVersion="11.4.0"
	OSName="Linux"
	Hostname="yanwen-IdeaPad-Gaming-3-15IHU6"
	OSRelease="6.8.0-40-generic"
	OSVersion="#40~22.04.3-Ubuntu SMP PREEMPT_DYNAMIC Tue Jul 30 17:30:19 UTC 2"
	OSPlatform="x86_64"
	Is64Bits="1"
	VendorString="GenuineIntel"
	VendorID="Intel Corporation"
	FamilyID="6"
	ModelID="140"
	ProcessorCacheSize="8192"
	NumberOfLogicalCPU="8"
	NumberOfPhysicalCPU="4"
	TotalVirtualMemory="0"
	TotalPhysicalMemory="15777"
	LogicalProcessorsPerPhysical="2"
	ProcessorClockFrequency="2482.98"
	>
	<Testing>
		<StartDateTime>Aug 19 10:29 +08</StartDateTime>
		<StartTestTime>1724034548</StartTestTime>
		<TestList>
			<Test>./lint_cmake</Test>
			<Test>./xmllint</Test>
		</TestList>
		<Test Status="failed">
			<Name>lint_cmake</Name>
			<Path>.</Path>
			<FullName>./lint_cmake</FullName>
			<FullCommandLine>/usr/bin/python3 "-u" "/opt/ros/humble/share/ament_cmake_test/cmake/run_test.py" "/home/yanwen/ros2_tutorials/build/custom_interfaces/test_results/custom_interfaces/lint_cmake.xunit.xml" "--package-name" "custom_interfaces" "--output-file" "/home/yanwen/ros2_tutorials/build/custom_interfaces/ament_lint_cmake/lint_cmake.txt" "--command" "/opt/ros/humble/bin/ament_lint_cmake" "--xunit-file" "/home/yanwen/ros2_tutorials/build/custom_interfaces/test_results/custom_interfaces/lint_cmake.xunit.xml"</FullCommandLine>
			<Results>
				<NamedMeasurement type="text/string" name="Exit Code">
					<Value>Failed</Value>
				</NamedMeasurement>
				<NamedMeasurement type="text/string" name="Exit Value">
					<Value>1</Value>
				</NamedMeasurement>
				<NamedMeasurement type="numeric/double" name="Execution Time">
					<Value>0.193662</Value>
				</NamedMeasurement>
				<NamedMeasurement type="numeric/double" name="Processors">
					<Value>1</Value>
				</NamedMeasurement>
				<NamedMeasurement type="text/string" name="Completion Status">
					<Value>Completed</Value>
				</NamedMeasurement>
				<NamedMeasurement type="text/string" name="Command Line">
					<Value>/usr/bin/python3 "-u" "/opt/ros/humble/share/ament_cmake_test/cmake/run_test.py" "/home/yanwen/ros2_tutorials/build/custom_interfaces/test_results/custom_interfaces/lint_cmake.xunit.xml" "--package-name" "custom_interfaces" "--output-file" "/home/yanwen/ros2_tutorials/build/custom_interfaces/ament_lint_cmake/lint_cmake.txt" "--command" "/opt/ros/humble/bin/ament_lint_cmake" "--xunit-file" "/home/yanwen/ros2_tutorials/build/custom_interfaces/test_results/custom_interfaces/lint_cmake.xunit.xml"</Value>
				</NamedMeasurement>
				<NamedMeasurement type="text/string" name="Environment">
					<Value>#CTEST_RESOURCE_GROUP_COUNT=</Value>
				</NamedMeasurement>
				<Measurement>
					<Value>-- run_test.py: invoking following command in '/home/yanwen/ros2_tutorials/src/custom_interfaces':
 - /opt/ros/humble/bin/ament_lint_cmake --xunit-file /home/yanwen/ros2_tutorials/build/custom_interfaces/test_results/custom_interfaces/lint_cmake.xunit.xml
CMakeLists.txt:18: Mismatching spaces inside () after command [whitespace/mismatch]


1 errors
-- run_test.py: return code 1
-- run_test.py: verify result file '/home/yanwen/ros2_tutorials/build/custom_interfaces/test_results/custom_interfaces/lint_cmake.xunit.xml'
</Value>
				</Measurement>
			</Results>
			<Labels>
				<Label>lint_cmake</Label>
				<Label>linter</Label>
			</Labels>
		</Test>
		<Test Status="failed">
			<Name>xmllint</Name>
			<Path>.</Path>
			<FullName>./xmllint</FullName>
			<FullCommandLine>/usr/bin/python3 "-u" "/opt/ros/humble/share/ament_cmake_test/cmake/run_test.py" "/home/yanwen/ros2_tutorials/build/custom_interfaces/test_results/custom_interfaces/xmllint.xunit.xml" "--package-name" "custom_interfaces" "--output-file" "/home/yanwen/ros2_tutorials/build/custom_interfaces/ament_xmllint/xmllint.txt" "--command" "/opt/ros/humble/bin/ament_xmllint" "--xunit-file" "/home/yanwen/ros2_tutorials/build/custom_interfaces/test_results/custom_interfaces/xmllint.xunit.xml"</FullCommandLine>
			<Results>
				<NamedMeasurement type="text/string" name="Exit Code">
					<Value>Failed</Value>
				</NamedMeasurement>
				<NamedMeasurement type="text/string" name="Exit Value">
					<Value>1</Value>
				</NamedMeasurement>
				<NamedMeasurement type="numeric/double" name="Execution Time">
					<Value>1.66977</Value>
				</NamedMeasurement>
				<NamedMeasurement type="numeric/double" name="Processors">
					<Value>1</Value>
				</NamedMeasurement>
				<NamedMeasurement type="text/string" name="Completion Status">
					<Value>Completed</Value>
				</NamedMeasurement>
				<NamedMeasurement type="text/string" name="Command Line">
					<Value>/usr/bin/python3 "-u" "/opt/ros/humble/share/ament_cmake_test/cmake/run_test.py" "/home/yanwen/ros2_tutorials/build/custom_interfaces/test_results/custom_interfaces/xmllint.xunit.xml" "--package-name" "custom_interfaces" "--output-file" "/home/yanwen/ros2_tutorials/build/custom_interfaces/ament_xmllint/xmllint.txt" "--command" "/opt/ros/humble/bin/ament_xmllint" "--xunit-file" "/home/yanwen/ros2_tutorials/build/custom_interfaces/test_results/custom_interfaces/xmllint.xunit.xml"</Value>
				</NamedMeasurement>
				<NamedMeasurement type="text/string" name="Environment">
					<Value>#CTEST_RESOURCE_GROUP_COUNT=</Value>
				</NamedMeasurement>
				<Measurement>
					<Value>-- run_test.py: invoking following command in '/home/yanwen/ros2_tutorials/src/custom_interfaces':
 - /opt/ros/humble/bin/ament_xmllint --xunit-file /home/yanwen/ros2_tutorials/build/custom_interfaces/test_results/custom_interfaces/xmllint.xunit.xml
File 'package.xml' is invalid:
/home/yanwen/ros2_tutorials/src/custom_interfaces/package.xml:16: element test_depend: Schemas validity error : Element 'test_depend': This element is not expected. Expected is one of ( member_of_group, export ).
/home/yanwen/ros2_tutorials/src/custom_interfaces/package.xml fails to validate

1 files are invalid
-- run_test.py: return code 1
-- run_test.py: verify result file '/home/yanwen/ros2_tutorials/build/custom_interfaces/test_results/custom_interfaces/xmllint.xunit.xml'
</Value>
				</Measurement>
			</Results>
			<Labels>
				<Label>linter</Label>
				<Label>xmllint</Label>
			</Labels>
		</Test>
		<EndDateTime>Aug 19 10:29 +08</EndDateTime>
		<EndTestTime>1724034549</EndTestTime>
		<ElapsedMinutes>0</ElapsedMinutes>
	</Testing>
</Site>
