<?xml version="1.0" encoding="utf-8"?><testsuites><testsuite name="pytest" errors="0" failures="1" skipped="0" tests="2" time="5.581" timestamp="2024-08-19T11:50:59.564662" hostname="yanwen-IdeaPad-Gaming-3-15IHU6"><testcase classname="ros2_tutorials_py.test.test_dummy.TestDummy" name="test_dummy" time="0.001"><failure message="AssertionError: assert False">test/test_dummy.py:5: in test_dummy
    assert False
E   AssertionError: assert False</failure></testcase><testcase classname="ros2_tutorials_py.test.test_talker_listener" name="test_talker_listener" time="5.449" /></testsuite></testsuites>