Start testing: Aug 19 11:50 +08
----------------------------------------------------------
1/2 Testing: lint_cmake
1/2 Test: lint_cmake
Command: "/usr/bin/python3" "-u" "/opt/ros/humble/share/ament_cmake_test/cmake/run_test.py" "/home/yanwen/ros2_tutorials/build/custom_interfaces/test_results/custom_interfaces/lint_cmake.xunit.xml" "--package-name" "custom_interfaces" "--output-file" "/home/yanwen/ros2_tutorials/build/custom_interfaces/ament_lint_cmake/lint_cmake.txt" "--command" "/opt/ros/humble/bin/ament_lint_cmake" "--xunit-file" "/home/yanwen/ros2_tutorials/build/custom_interfaces/test_results/custom_interfaces/lint_cmake.xunit.xml"
Directory: /home/yanwen/ros2_tutorials/src/custom_interfaces
"lint_cmake" start time: Aug 19 11:50 +08
Output:
----------------------------------------------------------
-- run_test.py: invoking following command in '/home/yanwen/ros2_tutorials/src/custom_interfaces':
 - /opt/ros/humble/bin/ament_lint_cmake --xunit-file /home/yanwen/ros2_tutorials/build/custom_interfaces/test_results/custom_interfaces/lint_cmake.xunit.xml
CMakeLists.txt:18: Mismatching spaces inside () after command [whitespace/mismatch]


1 errors
-- run_test.py: return code 1
-- run_test.py: verify result file '/home/yanwen/ros2_tutorials/build/custom_interfaces/test_results/custom_interfaces/lint_cmake.xunit.xml'
<end of output>
Test time =   0.10 sec
----------------------------------------------------------
Test Failed.
"lint_cmake" end time: Aug 19 11:50 +08
"lint_cmake" time elapsed: 00:00:00
----------------------------------------------------------

2/2 Testing: xmllint
2/2 Test: xmllint
Command: "/usr/bin/python3" "-u" "/opt/ros/humble/share/ament_cmake_test/cmake/run_test.py" "/home/yanwen/ros2_tutorials/build/custom_interfaces/test_results/custom_interfaces/xmllint.xunit.xml" "--package-name" "custom_interfaces" "--output-file" "/home/yanwen/ros2_tutorials/build/custom_interfaces/ament_xmllint/xmllint.txt" "--command" "/opt/ros/humble/bin/ament_xmllint" "--xunit-file" "/home/yanwen/ros2_tutorials/build/custom_interfaces/test_results/custom_interfaces/xmllint.xunit.xml"
Directory: /home/yanwen/ros2_tutorials/src/custom_interfaces
"xmllint" start time: Aug 19 11:50 +08
Output:
----------------------------------------------------------
-- run_test.py: invoking following command in '/home/yanwen/ros2_tutorials/src/custom_interfaces':
 - /opt/ros/humble/bin/ament_xmllint --xunit-file /home/yanwen/ros2_tutorials/build/custom_interfaces/test_results/custom_interfaces/xmllint.xunit.xml
File 'package.xml' is invalid:
/home/yanwen/ros2_tutorials/src/custom_interfaces/package.xml:16: element test_depend: Schemas validity error : Element 'test_depend': This element is not expected. Expected is one of ( member_of_group, export ).
/home/yanwen/ros2_tutorials/src/custom_interfaces/package.xml fails to validate

1 files are invalid
-- run_test.py: return code 1
-- run_test.py: verify result file '/home/yanwen/ros2_tutorials/build/custom_interfaces/test_results/custom_interfaces/xmllint.xunit.xml'
<end of output>
Test time =   0.60 sec
----------------------------------------------------------
Test Failed.
"xmllint" end time: Aug 19 11:51 +08
"xmllint" time elapsed: 00:00:00
----------------------------------------------------------

End testing: Aug 19 11:51 +08

lint_cmake =   0.10 sec*proc

linter =   0.70 sec*proc

xmllint =   0.60 sec*proc

